{"level":"info","time":"2024-06-03T16:38:14-07:00","message":"this is the init file"}
{"level":"info","time":"2024-06-03T16:38:14-07:00","message":"input1: 6 | input2: 3000 | input3: 4"}
{"level":"info","time":"2024-06-03T16:38:14-07:00","message":"InitCounter: 0"}
{"level":"info","time":"2024-06-03T16:38:14-07:00","message":"this is the init file"}
{"level":"info","time":"2024-06-03T16:38:14-07:00","message":"input1: 6 | input2: 5 | input3: 9"}
{"level":"info","time":"2024-06-03T16:38:14-07:00","message":"InitCounter: 1"}
{"level":"info","time":"2024-06-03T16:38:14-07:00","message":"Prev Init: 4 | Inner: 2053"}
{"level":"info","time":"2024-06-03T16:38:14-07:00","message":"the input of TA is: [1575424]\n"}
{"level":"info","time":"2024-06-03T16:38:14-07:00","message":"input: 1575424 | va: 1575424 | s: 6 | p: 5 | w: 0 | pw: 2560"}
{"level":"info","time":"2024-06-03T16:38:14-07:00","message":"left: 2053 | right: 0 | element: 9 | quotient: 4608"}
{"level":"info","time":"2024-06-03T16:38:14-07:00","message":"translated: 4608"}
{"level":"info","time":"2024-06-03T16:38:14-07:00","message":"the input of TA is: [1575863]\n"}
{"level":"info","time":"2024-06-03T16:38:14-07:00","message":"input: 1575863 | va: 1575863 | s: 6 | p: 5 | w: 439 | pw: 2999"}
{"level":"info","time":"2024-06-03T16:38:14-07:00","message":"left: 2053 | right: 439 | element: 9 | quotient: 5047"}
{"level":"info","time":"2024-06-03T16:38:14-07:00","message":"translated: 5047"}
{"level":"info","time":"2024-06-03T16:38:14-07:00","message":"the input of TA is: [1575864]\n"}
{"level":"info","time":"2024-06-03T16:38:14-07:00","message":"input: 1575864 | va: 1575864 | s: 6 | p: 5 | w: 440 | pw: 3000"}
{"level":"error","time":"2024-06-03T16:38:14-07:00","message":"PW > PM[26]: "}
{"level":"info","time":"2024-06-03T16:38:14-07:00","message":"translated: -1"}
{"level":"info","time":"2024-06-03T16:39:01-07:00","message":"this is the init file"}
{"level":"info","time":"2024-06-03T16:39:01-07:00","message":"input1: 6 | input2: 3000 | input3: 4"}
{"level":"info","time":"2024-06-03T16:39:01-07:00","message":"InitCounter: 0"}
{"level":"info","time":"2024-06-03T16:39:01-07:00","message":"this is the init file"}
{"level":"info","time":"2024-06-03T16:39:01-07:00","message":"input1: 6 | input2: 5 | input3: 9"}
{"level":"info","time":"2024-06-03T16:39:01-07:00","message":"InitCounter: 1"}
{"level":"info","time":"2024-06-03T16:39:01-07:00","message":"Prev Init: 4 | Inner: 2053"}
{"level":"info","time":"2024-06-03T16:39:01-07:00","message":"the input of TA is: [1575424]\n"}
{"level":"info","time":"2024-06-03T16:39:01-07:00","message":"input: 1575424 | va: 1575424 | s: 6 | p: 5 | w: 0 | pw: 2560"}
{"level":"info","time":"2024-06-03T16:39:01-07:00","message":"left: 2053 | right: 0 | element: 9 | quotient: 4608"}
{"level":"info","time":"2024-06-03T16:39:01-07:00","message":"translated: 4608"}
{"level":"info","time":"2024-06-03T16:39:01-07:00","message":"the input of TA is: [1575863]\n"}
{"level":"info","time":"2024-06-03T16:39:01-07:00","message":"input: 1575863 | va: 1575863 | s: 6 | p: 5 | w: 439 | pw: 2999"}
{"level":"info","time":"2024-06-03T16:39:01-07:00","message":"left: 2053 | right: 439 | element: 9 | quotient: 5047"}
{"level":"info","time":"2024-06-03T16:39:01-07:00","message":"translated: 5047"}
{"level":"info","time":"2024-06-03T16:39:01-07:00","message":"the input of TA is: [1575864]\n"}
{"level":"info","time":"2024-06-03T16:39:01-07:00","message":"input: 1575864 | va: 1575864 | s: 6 | p: 5 | w: 440 | pw: 3000"}
{"level":"error","time":"2024-06-03T16:39:01-07:00","message":"PW > PM[26]: "}
{"level":"info","time":"2024-06-03T16:39:01-07:00","message":"translated: -1"}
{"level":"info","time":"2024-06-03T16:39:18-07:00","message":"this is the init file"}
{"level":"info","time":"2024-06-03T16:39:18-07:00","message":"input1: 6 | input2: 3000 | input3: 4"}
{"level":"info","time":"2024-06-03T16:39:18-07:00","message":"InitCounter: 0"}
{"level":"info","time":"2024-06-03T16:39:18-07:00","message":"this is the init file"}
{"level":"info","time":"2024-06-03T16:39:18-07:00","message":"input1: 6 | input2: 5 | input3: 9"}
{"level":"info","time":"2024-06-03T16:39:18-07:00","message":"InitCounter: 1"}
{"level":"info","time":"2024-06-03T16:39:18-07:00","message":"Prev Init: 4 | Inner: 2053"}
{"level":"info","time":"2024-06-03T16:39:18-07:00","message":"the input of TA is: [1575424]\n"}
{"level":"info","time":"2024-06-03T16:39:18-07:00","message":"input: 1575424 | va: 1575424 | s: 6 | p: 5 | w: 0 | pw: 2560"}
{"level":"info","time":"2024-06-03T16:39:18-07:00","message":"left: 2053 | right: 0 | element: 9 | quotient: 4608"}
{"level":"info","time":"2024-06-03T16:39:18-07:00","message":"translated: 4608"}
{"level":"info","time":"2024-06-03T16:39:18-07:00","message":"the input of TA is: [1575863]\n"}
{"level":"info","time":"2024-06-03T16:39:18-07:00","message":"input: 1575863 | va: 1575863 | s: 6 | p: 5 | w: 439 | pw: 2999"}
{"level":"info","time":"2024-06-03T16:39:18-07:00","message":"left: 2053 | right: 439 | element: 9 | quotient: 5047"}
{"level":"info","time":"2024-06-03T16:39:18-07:00","message":"translated: 5047"}
{"level":"info","time":"2024-06-03T16:39:18-07:00","message":"the input of TA is: [1575864]\n"}
{"level":"info","time":"2024-06-03T16:39:18-07:00","message":"input: 1575864 | va: 1575864 | s: 6 | p: 5 | w: 440 | pw: 3000"}
{"level":"error","time":"2024-06-03T16:39:18-07:00","message":"PW > PM[26]: "}
{"level":"info","time":"2024-06-03T16:39:18-07:00","message":"translated: -1"}
{"level":"info","time":"2024-06-03T16:43:30-07:00","message":"this is the init file"}
{"level":"info","time":"2024-06-03T16:43:30-07:00","message":"input1: 6 | input2: 3000 | input3: 4"}
{"level":"info","time":"2024-06-03T16:43:30-07:00","message":"InitCounter: 0"}
{"level":"info","time":"2024-06-03T16:43:30-07:00","message":"this is the init file"}
{"level":"info","time":"2024-06-03T16:43:30-07:00","message":"input1: 6 | input2: 5 | input3: 9"}
{"level":"info","time":"2024-06-03T16:43:30-07:00","message":"InitCounter: 1"}
{"level":"info","time":"2024-06-03T16:43:30-07:00","message":"Prev Init: 4 | Inner: 2053"}
{"level":"info","time":"2024-06-03T16:43:30-07:00","message":"the input of TA is: [1575424]\n"}
{"level":"info","time":"2024-06-03T16:43:30-07:00","message":"input: 1575424 | va: 1575424 | s: 6 | p: 5 | w: 0 | pw: 2560"}
{"level":"info","time":"2024-06-03T16:43:30-07:00","message":"left: 2053 | right: 0 | element: 9 | quotient: 4608"}
{"level":"info","time":"2024-06-03T16:43:30-07:00","message":"translated: 4608"}
{"level":"info","time":"2024-06-03T16:43:30-07:00","message":"the input of TA is: [1575863]\n"}
{"level":"info","time":"2024-06-03T16:43:30-07:00","message":"input: 1575863 | va: 1575863 | s: 6 | p: 5 | w: 439 | pw: 2999"}
{"level":"info","time":"2024-06-03T16:43:30-07:00","message":"left: 2053 | right: 439 | element: 9 | quotient: 5047"}
{"level":"info","time":"2024-06-03T16:43:30-07:00","message":"translated: 5047"}
{"level":"info","time":"2024-06-03T16:43:30-07:00","message":"the input of TA is: [1575864]\n"}
{"level":"info","time":"2024-06-03T16:43:30-07:00","message":"input: 1575864 | va: 1575864 | s: 6 | p: 5 | w: 440 | pw: 3000"}
{"level":"error","time":"2024-06-03T16:43:30-07:00","message":"PW > PM[26]: "}
{"level":"info","time":"2024-06-03T16:43:30-07:00","message":"translated: -1"}
{"level":"info","time":"2024-06-03T16:43:50-07:00","message":"this is the init file"}
{"level":"info","time":"2024-06-03T16:43:50-07:00","message":"input1: 6 | input2: 3000 | input3: 4"}
{"level":"info","time":"2024-06-03T16:43:50-07:00","message":"InitCounter: 0"}
{"level":"info","time":"2024-06-03T16:43:50-07:00","message":"this is the init file"}
{"level":"info","time":"2024-06-03T16:43:50-07:00","message":"input1: 6 | input2: 5 | input3: 9"}
{"level":"info","time":"2024-06-03T16:43:50-07:00","message":"InitCounter: 1"}
{"level":"info","time":"2024-06-03T16:43:50-07:00","message":"Prev Init: 4 | Inner: 2053"}
{"level":"info","time":"2024-06-03T16:43:50-07:00","message":"the input of TA is: [1575424]\n"}
{"level":"info","time":"2024-06-03T16:43:50-07:00","message":"input: 1575424 | va: 1575424 | s: 6 | p: 5 | w: 0 | pw: 2560"}
{"level":"info","time":"2024-06-03T16:43:50-07:00","message":"left: 2053 | right: 0 | element: 9 | quotient: 4608"}
{"level":"info","time":"2024-06-03T16:43:50-07:00","message":"translated: 4608"}
{"level":"info","time":"2024-06-03T16:43:50-07:00","message":"the input of TA is: [1575863]\n"}
{"level":"info","time":"2024-06-03T16:43:50-07:00","message":"input: 1575863 | va: 1575863 | s: 6 | p: 5 | w: 439 | pw: 2999"}
{"level":"info","time":"2024-06-03T16:43:50-07:00","message":"left: 2053 | right: 439 | element: 9 | quotient: 5047"}
{"level":"info","time":"2024-06-03T16:43:50-07:00","message":"translated: 5047"}
{"level":"info","time":"2024-06-03T16:43:50-07:00","message":"the input of TA is: [1575864]\n"}
{"level":"info","time":"2024-06-03T16:43:50-07:00","message":"input: 1575864 | va: 1575864 | s: 6 | p: 5 | w: 440 | pw: 3000"}
{"level":"error","time":"2024-06-03T16:43:50-07:00","message":"PW > PM[26]: "}
{"level":"info","time":"2024-06-03T16:43:50-07:00","message":"translated: -1"}
{"level":"info","time":"2024-06-03T16:43:50-07:00","message":"No input either NL or init file"}
{"level":"info","time":"2024-06-03T16:43:50-07:00","message":"the input of NL is: NL\n"}
{"level":"info","time":"2024-06-03T16:43:50-07:00","message":"the input of RP is: [12]\n"}
{"level":"info","time":"2024-06-03T16:43:50-07:00","message":"the input of RP is: [13]\n"}
{"level":"info","time":"2024-06-03T16:43:50-07:00","message":"the input of RP is: [2053]\n"}
{"level":"info","time":"2024-06-03T16:43:50-07:00","message":"the input of RP is: [1024]\n"}
